c:\dwarvenknowledgellc\cookie-auto-typer-and-clicker\cookie minecraft - gui\debug\vc120.pdb
c:\dwarvenknowledgellc\cookie-auto-typer-and-clicker\cookie minecraft - gui\debug\.netframework,version=v4.5.assemblyattributes.obj
c:\dwarvenknowledgellc\cookie-auto-typer-and-clicker\cookie minecraft - gui\debug\cookie minecraft - gui.pch
c:\dwarvenknowledgellc\cookie-auto-typer-and-clicker\cookie minecraft - gui\debug\stdafx.obj
c:\dwarvenknowledgellc\cookie-auto-typer-and-clicker\cookie minecraft - gui\debug\cookie minecraft - gui.obj
c:\dwarvenknowledgellc\cookie-auto-typer-and-clicker\cookie minecraft - gui\debug\assemblyinfo.obj
c:\dwarvenknowledgellc\cookie-auto-typer-and-clicker\cookie minecraft - gui\debug\cookieminecraftgui.form1.resources
c:\dwarvenknowledgellc\cookie-auto-typer-and-clicker\debug\cookie minecraft - gui.exe
c:\dwarvenknowledgellc\cookie-auto-typer-and-clicker\debug\cookie minecraft - gui.pdb
c:\dwarvenknowledgellc\cookie-auto-typer-and-clicker\cookie minecraft - gui\debug\app.res
c:\dwarvenknowledgellc\cookie-auto-typer-and-clicker\cookie minecraft - gui\debug\cookie minecraft - gui.vcxproj.generateresource.cache
c:\dwarvenknowledgellc\cookie-auto-typer-and-clicker\cookie minecraft - gui\debug\cookie minecraft - gui.vcxprojresolveassemblyreference.cache
c:\dwarvenknowledgellc\cookie-auto-typer-and-clicker\cookie minecraft - gui\debug\cookie m.df8c4d5f.tlog\cl.command.1.tlog
c:\dwarvenknowledgellc\cookie-auto-typer-and-clicker\cookie minecraft - gui\debug\cookie m.df8c4d5f.tlog\cl.read.1.tlog
c:\dwarvenknowledgellc\cookie-auto-typer-and-clicker\cookie minecraft - gui\debug\cookie m.df8c4d5f.tlog\cl.write.1.tlog
c:\dwarvenknowledgellc\cookie-auto-typer-and-clicker\cookie minecraft - gui\debug\cookie m.df8c4d5f.tlog\cookie minecraft - gui.write.1u.tlog
c:\dwarvenknowledgellc\cookie-auto-typer-and-clicker\cookie minecraft - gui\debug\cookie m.df8c4d5f.tlog\link.command.1.tlog
c:\dwarvenknowledgellc\cookie-auto-typer-and-clicker\cookie minecraft - gui\debug\cookie m.df8c4d5f.tlog\link.read.1.tlog
c:\dwarvenknowledgellc\cookie-auto-typer-and-clicker\cookie minecraft - gui\debug\cookie m.df8c4d5f.tlog\link.write.1.tlog
c:\dwarvenknowledgellc\cookie-auto-typer-and-clicker\cookie minecraft - gui\debug\cookie m.df8c4d5f.tlog\metagen.read.1.tlog
c:\dwarvenknowledgellc\cookie-auto-typer-and-clicker\cookie minecraft - gui\debug\cookie m.df8c4d5f.tlog\metagen.write.1.tlog
c:\dwarvenknowledgellc\cookie-auto-typer-and-clicker\cookie minecraft - gui\debug\cookie m.df8c4d5f.tlog\rc.command.1.tlog
c:\dwarvenknowledgellc\cookie-auto-typer-and-clicker\cookie minecraft - gui\debug\cookie m.df8c4d5f.tlog\rc.read.1.tlog
c:\dwarvenknowledgellc\cookie-auto-typer-and-clicker\cookie minecraft - gui\debug\cookie m.df8c4d5f.tlog\rc.write.1.tlog
c:\dwarvenknowledgellc\cookie-auto-typer-and-clicker\cookie minecraft - gui\debug\cookie m.df8c4d5f.tlog\tzres.dll.bi
